14:36:58.657 [background-preinit] INFO  o.h.v.i.util.Version - [<clinit>,21] - HV000001: Hibernate Validator 6.2.5.Final
14:36:58.668 [restartedMain] INFO  c.h.HongshuApplication - [logStarting,55] - Starting HongshuApplication using Java 19.0.2 on skippydeMacBook-Air.local with PID 56399 (/Users/skippy/project/hongshu/hongshu-server/target/classes started by skippy in /Users/skippy/project/hongshu)
14:36:58.669 [restartedMain] INFO  c.h.HongshuApplication - [logStartupProfileInfo,686] - The following 1 profile is active: "druid"
14:36:59.762 [restartedMain] INFO  o.a.c.h.Http11NioProtocol - [log,173] - Initializing ProtocolHandler ["http-nio-8080"]
14:36:59.762 [restartedMain] INFO  o.a.c.c.StandardService - [log,173] - Starting service [Tomcat]
14:36:59.762 [restartedMain] INFO  o.a.c.c.StandardEngine - [log,173] - Starting Servlet engine: [Apache Tomcat/9.0.75]
14:36:59.796 [restartedMain] INFO  o.a.c.c.C.[.[.[/] - [log,173] - Initializing Spring embedded WebApplicationContext
14:37:00.575 [restartedMain] INFO  c.a.d.p.DruidDataSource - [init,1009] - {dataSource-1} inited
14:37:00.575 [restartedMain] INFO  c.a.d.p.DruidDataSource - [close,2174] - {dataSource-1} closing ...
14:37:00.576 [restartedMain] INFO  c.a.d.p.DruidDataSource - [close,2247] - {dataSource-1} closed
14:37:00.584 [restartedMain] INFO  o.a.c.c.StandardService - [log,173] - Stopping service [Tomcat]
15:11:41.449 [restartedMain] INFO  c.h.HongshuApplication - [logStarting,55] - Starting HongshuApplication using Java 19.0.2 on skippydeMacBook-Air.local with PID 58299 (/Users/skippy/project/hongshu/hongshu-server/target/classes started by skippy in /Users/skippy/project/hongshu)
15:11:41.450 [restartedMain] INFO  c.h.HongshuApplication - [logStartupProfileInfo,686] - The following 1 profile is active: "druid"
15:11:41.450 [background-preinit] INFO  o.h.v.i.util.Version - [<clinit>,21] - HV000001: Hibernate Validator 6.2.5.Final
15:11:42.422 [restartedMain] INFO  o.a.c.h.Http11NioProtocol - [log,173] - Initializing ProtocolHandler ["http-nio-8080"]
15:11:42.422 [restartedMain] INFO  o.a.c.c.StandardService - [log,173] - Starting service [Tomcat]
15:11:42.422 [restartedMain] INFO  o.a.c.c.StandardEngine - [log,173] - Starting Servlet engine: [Apache Tomcat/9.0.75]
15:11:42.455 [restartedMain] INFO  o.a.c.c.C.[.[.[/] - [log,173] - Initializing Spring embedded WebApplicationContext
15:11:43.320 [restartedMain] INFO  c.a.d.p.DruidDataSource - [init,1009] - {dataSource-1} inited
15:11:44.668 [restartedMain] INFO  o.q.i.StdSchedulerFactory - [instantiate,1220] - Using default implementation for ThreadExecutor
15:11:44.673 [restartedMain] INFO  o.q.c.SchedulerSignalerImpl - [<init>,61] - Initialized Scheduler Signaller of type: class org.quartz.core.SchedulerSignalerImpl
15:11:44.673 [restartedMain] INFO  o.q.c.QuartzScheduler - [<init>,229] - Quartz Scheduler v.2.3.2 created.
15:11:44.673 [restartedMain] INFO  o.q.s.RAMJobStore - [initialize,155] - RAMJobStore initialized.
15:11:44.673 [restartedMain] INFO  o.q.c.QuartzScheduler - [initialize,294] - Scheduler meta-data: Quartz Scheduler (v2.3.2) 'quartzScheduler' with instanceId 'NON_CLUSTERED'
  Scheduler class: 'org.quartz.core.QuartzScheduler' - running locally.
  NOT STARTED.
  Currently in standby mode.
  Number of jobs executed: 0
  Using thread pool 'org.quartz.simpl.SimpleThreadPool' - with 10 threads.
  Using job-store 'org.quartz.simpl.RAMJobStore' - which does not support persistence. and is not clustered.

15:11:44.674 [restartedMain] INFO  o.q.i.StdSchedulerFactory - [instantiate,1374] - Quartz scheduler 'quartzScheduler' initialized from an externally provided properties instance.
15:11:44.674 [restartedMain] INFO  o.q.i.StdSchedulerFactory - [instantiate,1378] - Quartz scheduler version: 2.3.2
15:11:44.674 [restartedMain] INFO  o.q.c.QuartzScheduler - [setJobFactory,2293] - JobFactory set to: org.springframework.scheduling.quartz.SpringBeanJobFactory@2ee400ca
15:11:45.049 [restartedMain] INFO  c.g.d.c.DozerBeanMapperBuilder - [build,544] - Initializing Dozer. Version: 6.5.2, Thread Name: restartedMain
15:11:45.049 [restartedMain] INFO  c.g.d.c.u.RuntimeUtils - [isOSGi,53] - OSGi support is false
15:11:45.051 [restartedMain] INFO  c.g.d.c.c.r.LegacyPropertiesSettingsResolver - [processFile,60] - Trying to find Dozer configuration file: dozer.properties
15:11:45.052 [restartedMain] INFO  c.g.d.c.c.r.LegacyPropertiesSettingsResolver - [processFile,63] - Failed to find dozer.properties via com.github.dozermapper.core.config.resolvers.LegacyPropertiesSettingsResolver.
15:11:45.053 [restartedMain] INFO  c.g.d.c.e.ELExpressionFactory - [isSupported,60] - javax.el is not supported; Failed to resolve ExpressionFactory, com.sun.el.ExpressionFactoryImpl
15:11:45.448 [restartedMain] INFO  o.a.c.h.Http11NioProtocol - [log,173] - Starting ProtocolHandler ["http-nio-8080"]
15:11:45.603 [restartedMain] INFO  o.q.c.QuartzScheduler - [start,547] - Scheduler quartzScheduler_$_NON_CLUSTERED started.
15:11:45.608 [restartedMain] INFO  c.h.HongshuApplication - [logStarted,61] - Started HongshuApplication in 4.291 seconds (JVM running for 4.777)
15:12:15.082 [http-nio-8080-exec-1] INFO  o.a.c.c.C.[.[.[/] - [log,173] - Initializing Spring DispatcherServlet 'dispatcherServlet'
15:12:15.150 [http-nio-8080-exec-1] INFO  c.h.w.a.UserLoginInterceptor - [preHandle,40] - accessToken:null,null
15:12:15.150 [http-nio-8080-exec-2] INFO  c.h.w.a.UserLoginInterceptor - [preHandle,40] - accessToken:null,null
15:12:15.150 [http-nio-8080-exec-3] INFO  c.h.w.a.UserLoginInterceptor - [preHandle,40] - accessToken:null,null
15:12:15.205 [http-nio-8080-exec-1] INFO  c.g.d.c.DozerBeanMapperBuilder - [build,544] - Initializing Dozer. Version: 6.5.2, Thread Name: http-nio-8080-exec-1
15:12:15.205 [http-nio-8080-exec-1] INFO  c.g.d.c.c.r.LegacyPropertiesSettingsResolver - [processFile,60] - Trying to find Dozer configuration file: dozer.properties
15:12:15.206 [http-nio-8080-exec-1] INFO  c.g.d.c.c.r.LegacyPropertiesSettingsResolver - [processFile,63] - Failed to find dozer.properties via com.github.dozermapper.core.config.resolvers.LegacyPropertiesSettingsResolver.
15:12:36.211 [http-nio-8080-exec-4] INFO  c.h.w.a.UserLoginInterceptor - [preHandle,40] - accessToken:null,null
15:12:36.398 [schedule-pool-1] INFO  web-user - [run,52] - [127.0.0.1]内网IP[小红薯][Success][登录成功]
15:12:36.456 [http-nio-8080-exec-6] INFO  c.h.w.a.UserLoginInterceptor - [preHandle,40] - accessToken:eyJ0eXAiOiJKV1QiLCJhbGciOiJIUzI1NiJ9.eyJzdWIiOiJ1c2VyIiwiaWF0IjoxNzQ1NjUxNTU2LCJleHAiOjE3NDU3Mzc5NTYsInVzZXJJZCI6IjYyIn0.zujT-ng_Lem5ml_VBJiy51d3uAMGWt31tNyhdBTzipc,62
15:12:36.458 [http-nio-8080-exec-7] INFO  c.h.w.a.UserLoginInterceptor - [preHandle,40] - accessToken:eyJ0eXAiOiJKV1QiLCJhbGciOiJIUzI1NiJ9.eyJzdWIiOiJ1c2VyIiwiaWF0IjoxNzQ1NjUxNTU2LCJleHAiOjE3NDU3Mzc5NTYsInVzZXJJZCI6IjYyIn0.zujT-ng_Lem5ml_VBJiy51d3uAMGWt31tNyhdBTzipc,62
15:12:36.460 [http-nio-8080-exec-9] INFO  c.h.w.a.UserLoginInterceptor - [preHandle,40] - accessToken:eyJ0eXAiOiJKV1QiLCJhbGciOiJIUzI1NiJ9.eyJzdWIiOiJ1c2VyIiwiaWF0IjoxNzQ1NjUxNTU2LCJleHAiOjE3NDU3Mzc5NTYsInVzZXJJZCI6IjYyIn0.zujT-ng_Lem5ml_VBJiy51d3uAMGWt31tNyhdBTzipc,62
15:12:36.463 [http-nio-8080-exec-8] INFO  c.h.w.a.UserLoginInterceptor - [preHandle,40] - accessToken:eyJ0eXAiOiJKV1QiLCJhbGciOiJIUzI1NiJ9.eyJzdWIiOiJ1c2VyIiwiaWF0IjoxNzQ1NjUxNTU2LCJleHAiOjE3NDU3Mzc5NTYsInVzZXJJZCI6IjYyIn0.zujT-ng_Lem5ml_VBJiy51d3uAMGWt31tNyhdBTzipc,62
15:12:36.477 [http-nio-8080-exec-5] INFO  c.h.w.w.WebSocketServer - [onOpen,70] - 62加入webSocket！当前人数为=1
15:12:36.508 [http-nio-8080-exec-10] INFO  c.h.w.a.UserLoginInterceptor - [preHandle,40] - accessToken:eyJ0eXAiOiJKV1QiLCJhbGciOiJIUzI1NiJ9.eyJzdWIiOiJ1c2VyIiwiaWF0IjoxNzQ1NjUxNTU2LCJleHAiOjE3NDU3Mzc5NTYsInVzZXJJZCI6IjYyIn0.zujT-ng_Lem5ml_VBJiy51d3uAMGWt31tNyhdBTzipc,62
15:12:38.100 [http-nio-8080-exec-11] INFO  c.h.w.w.WebSocketServer - [onOpen,70] - 62加入webSocket！当前人数为=2
15:12:38.104 [http-nio-8080-exec-13] INFO  c.h.w.a.UserLoginInterceptor - [preHandle,40] - accessToken:eyJ0eXAiOiJKV1QiLCJhbGciOiJIUzI1NiJ9.eyJzdWIiOiJ1c2VyIiwiaWF0IjoxNzQ1NjUxNTU2LCJleHAiOjE3NDU3Mzc5NTYsInVzZXJJZCI6IjYyIn0.zujT-ng_Lem5ml_VBJiy51d3uAMGWt31tNyhdBTzipc,62
15:12:38.104 [http-nio-8080-exec-14] INFO  c.h.w.a.UserLoginInterceptor - [preHandle,40] - accessToken:eyJ0eXAiOiJKV1QiLCJhbGciOiJIUzI1NiJ9.eyJzdWIiOiJ1c2VyIiwiaWF0IjoxNzQ1NjUxNTU2LCJleHAiOjE3NDU3Mzc5NTYsInVzZXJJZCI6IjYyIn0.zujT-ng_Lem5ml_VBJiy51d3uAMGWt31tNyhdBTzipc,62
15:12:38.104 [http-nio-8080-exec-12] INFO  c.h.w.a.UserLoginInterceptor - [preHandle,40] - accessToken:eyJ0eXAiOiJKV1QiLCJhbGciOiJIUzI1NiJ9.eyJzdWIiOiJ1c2VyIiwiaWF0IjoxNzQ1NjUxNTU2LCJleHAiOjE3NDU3Mzc5NTYsInVzZXJJZCI6IjYyIn0.zujT-ng_Lem5ml_VBJiy51d3uAMGWt31tNyhdBTzipc,62
15:12:38.122 [http-nio-8080-exec-15] INFO  c.h.w.a.UserLoginInterceptor - [preHandle,40] - accessToken:eyJ0eXAiOiJKV1QiLCJhbGciOiJIUzI1NiJ9.eyJzdWIiOiJ1c2VyIiwiaWF0IjoxNzQ1NjUxNTU2LCJleHAiOjE3NDU3Mzc5NTYsInVzZXJJZCI6IjYyIn0.zujT-ng_Lem5ml_VBJiy51d3uAMGWt31tNyhdBTzipc,62
15:12:38.862 [http-nio-8080-exec-16] INFO  c.h.w.w.WebSocketServer - [onOpen,70] - 62加入webSocket！当前人数为=3
15:12:38.870 [http-nio-8080-exec-17] INFO  c.h.w.a.UserLoginInterceptor - [preHandle,40] - accessToken:eyJ0eXAiOiJKV1QiLCJhbGciOiJIUzI1NiJ9.eyJzdWIiOiJ1c2VyIiwiaWF0IjoxNzQ1NjUxNTU2LCJleHAiOjE3NDU3Mzc5NTYsInVzZXJJZCI6IjYyIn0.zujT-ng_Lem5ml_VBJiy51d3uAMGWt31tNyhdBTzipc,62
15:12:38.870 [http-nio-8080-exec-18] INFO  c.h.w.a.UserLoginInterceptor - [preHandle,40] - accessToken:eyJ0eXAiOiJKV1QiLCJhbGciOiJIUzI1NiJ9.eyJzdWIiOiJ1c2VyIiwiaWF0IjoxNzQ1NjUxNTU2LCJleHAiOjE3NDU3Mzc5NTYsInVzZXJJZCI6IjYyIn0.zujT-ng_Lem5ml_VBJiy51d3uAMGWt31tNyhdBTzipc,62
15:12:38.884 [http-nio-8080-exec-19] INFO  c.h.w.a.UserLoginInterceptor - [preHandle,40] - accessToken:eyJ0eXAiOiJKV1QiLCJhbGciOiJIUzI1NiJ9.eyJzdWIiOiJ1c2VyIiwiaWF0IjoxNzQ1NjUxNTU2LCJleHAiOjE3NDU3Mzc5NTYsInVzZXJJZCI6IjYyIn0.zujT-ng_Lem5ml_VBJiy51d3uAMGWt31tNyhdBTzipc,62
15:12:39.356 [http-nio-8080-exec-20] INFO  c.h.w.w.WebSocketServer - [onOpen,70] - 62加入webSocket！当前人数为=4
15:12:39.371 [http-nio-8080-exec-21] INFO  c.h.w.a.UserLoginInterceptor - [preHandle,40] - accessToken:eyJ0eXAiOiJKV1QiLCJhbGciOiJIUzI1NiJ9.eyJzdWIiOiJ1c2VyIiwiaWF0IjoxNzQ1NjUxNTU2LCJleHAiOjE3NDU3Mzc5NTYsInVzZXJJZCI6IjYyIn0.zujT-ng_Lem5ml_VBJiy51d3uAMGWt31tNyhdBTzipc,62
15:12:39.372 [http-nio-8080-exec-22] INFO  c.h.w.a.UserLoginInterceptor - [preHandle,40] - accessToken:eyJ0eXAiOiJKV1QiLCJhbGciOiJIUzI1NiJ9.eyJzdWIiOiJ1c2VyIiwiaWF0IjoxNzQ1NjUxNTU2LCJleHAiOjE3NDU3Mzc5NTYsInVzZXJJZCI6IjYyIn0.zujT-ng_Lem5ml_VBJiy51d3uAMGWt31tNyhdBTzipc,62
15:12:39.372 [http-nio-8080-exec-23] INFO  c.h.w.a.UserLoginInterceptor - [preHandle,40] - accessToken:eyJ0eXAiOiJKV1QiLCJhbGciOiJIUzI1NiJ9.eyJzdWIiOiJ1c2VyIiwiaWF0IjoxNzQ1NjUxNTU2LCJleHAiOjE3NDU3Mzc5NTYsInVzZXJJZCI6IjYyIn0.zujT-ng_Lem5ml_VBJiy51d3uAMGWt31tNyhdBTzipc,62
15:12:39.371 [http-nio-8080-exec-24] INFO  c.h.w.a.UserLoginInterceptor - [preHandle,40] - accessToken:eyJ0eXAiOiJKV1QiLCJhbGciOiJIUzI1NiJ9.eyJzdWIiOiJ1c2VyIiwiaWF0IjoxNzQ1NjUxNTU2LCJleHAiOjE3NDU3Mzc5NTYsInVzZXJJZCI6IjYyIn0.zujT-ng_Lem5ml_VBJiy51d3uAMGWt31tNyhdBTzipc,62
15:12:39.389 [http-nio-8080-exec-25] INFO  c.h.w.a.UserLoginInterceptor - [preHandle,40] - accessToken:eyJ0eXAiOiJKV1QiLCJhbGciOiJIUzI1NiJ9.eyJzdWIiOiJ1c2VyIiwiaWF0IjoxNzQ1NjUxNTU2LCJleHAiOjE3NDU3Mzc5NTYsInVzZXJJZCI6IjYyIn0.zujT-ng_Lem5ml_VBJiy51d3uAMGWt31tNyhdBTzipc,62
15:13:04.144 [http-nio-8080-exec-26] INFO  c.h.w.a.UserLoginInterceptor - [preHandle,40] - accessToken:eyJ0eXAiOiJKV1QiLCJhbGciOiJIUzI1NiJ9.eyJzdWIiOiJ1c2VyIiwiaWF0IjoxNzQ1NjUxNTU2LCJleHAiOjE3NDU3Mzc5NTYsInVzZXJJZCI6IjYyIn0.zujT-ng_Lem5ml_VBJiy51d3uAMGWt31tNyhdBTzipc,62
15:13:07.161 [http-nio-8080-exec-27] INFO  c.h.w.w.WebSocketServer - [onOpen,70] - 62加入webSocket！当前人数为=5
15:13:07.169 [http-nio-8080-exec-28] INFO  c.h.w.a.UserLoginInterceptor - [preHandle,40] - accessToken:eyJ0eXAiOiJKV1QiLCJhbGciOiJIUzI1NiJ9.eyJzdWIiOiJ1c2VyIiwiaWF0IjoxNzQ1NjUxNTU2LCJleHAiOjE3NDU3Mzc5NTYsInVzZXJJZCI6IjYyIn0.zujT-ng_Lem5ml_VBJiy51d3uAMGWt31tNyhdBTzipc,62
15:13:07.169 [http-nio-8080-exec-30] INFO  c.h.w.a.UserLoginInterceptor - [preHandle,40] - accessToken:eyJ0eXAiOiJKV1QiLCJhbGciOiJIUzI1NiJ9.eyJzdWIiOiJ1c2VyIiwiaWF0IjoxNzQ1NjUxNTU2LCJleHAiOjE3NDU3Mzc5NTYsInVzZXJJZCI6IjYyIn0.zujT-ng_Lem5ml_VBJiy51d3uAMGWt31tNyhdBTzipc,62
15:13:07.169 [http-nio-8080-exec-31] INFO  c.h.w.a.UserLoginInterceptor - [preHandle,40] - accessToken:eyJ0eXAiOiJKV1QiLCJhbGciOiJIUzI1NiJ9.eyJzdWIiOiJ1c2VyIiwiaWF0IjoxNzQ1NjUxNTU2LCJleHAiOjE3NDU3Mzc5NTYsInVzZXJJZCI6IjYyIn0.zujT-ng_Lem5ml_VBJiy51d3uAMGWt31tNyhdBTzipc,62
15:13:07.170 [http-nio-8080-exec-29] INFO  c.h.w.a.UserLoginInterceptor - [preHandle,40] - accessToken:eyJ0eXAiOiJKV1QiLCJhbGciOiJIUzI1NiJ9.eyJzdWIiOiJ1c2VyIiwiaWF0IjoxNzQ1NjUxNTU2LCJleHAiOjE3NDU3Mzc5NTYsInVzZXJJZCI6IjYyIn0.zujT-ng_Lem5ml_VBJiy51d3uAMGWt31tNyhdBTzipc,62
15:13:07.188 [http-nio-8080-exec-32] INFO  c.h.w.a.UserLoginInterceptor - [preHandle,40] - accessToken:eyJ0eXAiOiJKV1QiLCJhbGciOiJIUzI1NiJ9.eyJzdWIiOiJ1c2VyIiwiaWF0IjoxNzQ1NjUxNTU2LCJleHAiOjE3NDU3Mzc5NTYsInVzZXJJZCI6IjYyIn0.zujT-ng_Lem5ml_VBJiy51d3uAMGWt31tNyhdBTzipc,62
15:13:07.633 [http-nio-8080-exec-33] INFO  c.h.w.w.WebSocketServer - [onOpen,70] - 62加入webSocket！当前人数为=6
15:13:07.639 [http-nio-8080-exec-34] INFO  c.h.w.a.UserLoginInterceptor - [preHandle,40] - accessToken:eyJ0eXAiOiJKV1QiLCJhbGciOiJIUzI1NiJ9.eyJzdWIiOiJ1c2VyIiwiaWF0IjoxNzQ1NjUxNTU2LCJleHAiOjE3NDU3Mzc5NTYsInVzZXJJZCI6IjYyIn0.zujT-ng_Lem5ml_VBJiy51d3uAMGWt31tNyhdBTzipc,62
15:13:07.639 [http-nio-8080-exec-35] INFO  c.h.w.a.UserLoginInterceptor - [preHandle,40] - accessToken:eyJ0eXAiOiJKV1QiLCJhbGciOiJIUzI1NiJ9.eyJzdWIiOiJ1c2VyIiwiaWF0IjoxNzQ1NjUxNTU2LCJleHAiOjE3NDU3Mzc5NTYsInVzZXJJZCI6IjYyIn0.zujT-ng_Lem5ml_VBJiy51d3uAMGWt31tNyhdBTzipc,62
15:13:07.639 [http-nio-8080-exec-36] INFO  c.h.w.a.UserLoginInterceptor - [preHandle,40] - accessToken:eyJ0eXAiOiJKV1QiLCJhbGciOiJIUzI1NiJ9.eyJzdWIiOiJ1c2VyIiwiaWF0IjoxNzQ1NjUxNTU2LCJleHAiOjE3NDU3Mzc5NTYsInVzZXJJZCI6IjYyIn0.zujT-ng_Lem5ml_VBJiy51d3uAMGWt31tNyhdBTzipc,62
15:13:07.652 [http-nio-8080-exec-37] INFO  c.h.w.a.UserLoginInterceptor - [preHandle,40] - accessToken:eyJ0eXAiOiJKV1QiLCJhbGciOiJIUzI1NiJ9.eyJzdWIiOiJ1c2VyIiwiaWF0IjoxNzQ1NjUxNTU2LCJleHAiOjE3NDU3Mzc5NTYsInVzZXJJZCI6IjYyIn0.zujT-ng_Lem5ml_VBJiy51d3uAMGWt31tNyhdBTzipc,62
15:13:08.252 [http-nio-8080-exec-38] INFO  c.h.w.w.WebSocketServer - [onOpen,70] - 62加入webSocket！当前人数为=7
15:13:08.264 [http-nio-8080-exec-41] INFO  c.h.w.a.UserLoginInterceptor - [preHandle,40] - accessToken:eyJ0eXAiOiJKV1QiLCJhbGciOiJIUzI1NiJ9.eyJzdWIiOiJ1c2VyIiwiaWF0IjoxNzQ1NjUxNTU2LCJleHAiOjE3NDU3Mzc5NTYsInVzZXJJZCI6IjYyIn0.zujT-ng_Lem5ml_VBJiy51d3uAMGWt31tNyhdBTzipc,62
15:13:08.264 [http-nio-8080-exec-42] INFO  c.h.w.a.UserLoginInterceptor - [preHandle,40] - accessToken:eyJ0eXAiOiJKV1QiLCJhbGciOiJIUzI1NiJ9.eyJzdWIiOiJ1c2VyIiwiaWF0IjoxNzQ1NjUxNTU2LCJleHAiOjE3NDU3Mzc5NTYsInVzZXJJZCI6IjYyIn0.zujT-ng_Lem5ml_VBJiy51d3uAMGWt31tNyhdBTzipc,62
15:13:08.264 [http-nio-8080-exec-40] INFO  c.h.w.a.UserLoginInterceptor - [preHandle,40] - accessToken:eyJ0eXAiOiJKV1QiLCJhbGciOiJIUzI1NiJ9.eyJzdWIiOiJ1c2VyIiwiaWF0IjoxNzQ1NjUxNTU2LCJleHAiOjE3NDU3Mzc5NTYsInVzZXJJZCI6IjYyIn0.zujT-ng_Lem5ml_VBJiy51d3uAMGWt31tNyhdBTzipc,62
15:13:08.264 [http-nio-8080-exec-39] INFO  c.h.w.a.UserLoginInterceptor - [preHandle,40] - accessToken:eyJ0eXAiOiJKV1QiLCJhbGciOiJIUzI1NiJ9.eyJzdWIiOiJ1c2VyIiwiaWF0IjoxNzQ1NjUxNTU2LCJleHAiOjE3NDU3Mzc5NTYsInVzZXJJZCI6IjYyIn0.zujT-ng_Lem5ml_VBJiy51d3uAMGWt31tNyhdBTzipc,62
15:13:08.277 [http-nio-8080-exec-43] INFO  c.h.w.a.UserLoginInterceptor - [preHandle,40] - accessToken:eyJ0eXAiOiJKV1QiLCJhbGciOiJIUzI1NiJ9.eyJzdWIiOiJ1c2VyIiwiaWF0IjoxNzQ1NjUxNTU2LCJleHAiOjE3NDU3Mzc5NTYsInVzZXJJZCI6IjYyIn0.zujT-ng_Lem5ml_VBJiy51d3uAMGWt31tNyhdBTzipc,62
15:13:09.272 [http-nio-8080-exec-44] INFO  c.h.w.w.WebSocketServer - [onOpen,70] - 62加入webSocket！当前人数为=8
15:13:09.278 [http-nio-8080-exec-45] INFO  c.h.w.a.UserLoginInterceptor - [preHandle,40] - accessToken:eyJ0eXAiOiJKV1QiLCJhbGciOiJIUzI1NiJ9.eyJzdWIiOiJ1c2VyIiwiaWF0IjoxNzQ1NjUxNTU2LCJleHAiOjE3NDU3Mzc5NTYsInVzZXJJZCI6IjYyIn0.zujT-ng_Lem5ml_VBJiy51d3uAMGWt31tNyhdBTzipc,62
15:13:09.278 [http-nio-8080-exec-46] INFO  c.h.w.a.UserLoginInterceptor - [preHandle,40] - accessToken:eyJ0eXAiOiJKV1QiLCJhbGciOiJIUzI1NiJ9.eyJzdWIiOiJ1c2VyIiwiaWF0IjoxNzQ1NjUxNTU2LCJleHAiOjE3NDU3Mzc5NTYsInVzZXJJZCI6IjYyIn0.zujT-ng_Lem5ml_VBJiy51d3uAMGWt31tNyhdBTzipc,62
15:13:09.290 [http-nio-8080-exec-47] INFO  c.h.w.a.UserLoginInterceptor - [preHandle,40] - accessToken:eyJ0eXAiOiJKV1QiLCJhbGciOiJIUzI1NiJ9.eyJzdWIiOiJ1c2VyIiwiaWF0IjoxNzQ1NjUxNTU2LCJleHAiOjE3NDU3Mzc5NTYsInVzZXJJZCI6IjYyIn0.zujT-ng_Lem5ml_VBJiy51d3uAMGWt31tNyhdBTzipc,62
15:13:09.936 [http-nio-8080-exec-48] INFO  c.h.w.w.WebSocketServer - [onOpen,70] - 62加入webSocket！当前人数为=9
15:13:09.946 [http-nio-8080-exec-50] INFO  c.h.w.a.UserLoginInterceptor - [preHandle,40] - accessToken:eyJ0eXAiOiJKV1QiLCJhbGciOiJIUzI1NiJ9.eyJzdWIiOiJ1c2VyIiwiaWF0IjoxNzQ1NjUxNTU2LCJleHAiOjE3NDU3Mzc5NTYsInVzZXJJZCI6IjYyIn0.zujT-ng_Lem5ml_VBJiy51d3uAMGWt31tNyhdBTzipc,62
15:13:09.947 [http-nio-8080-exec-49] INFO  c.h.w.a.UserLoginInterceptor - [preHandle,40] - accessToken:eyJ0eXAiOiJKV1QiLCJhbGciOiJIUzI1NiJ9.eyJzdWIiOiJ1c2VyIiwiaWF0IjoxNzQ1NjUxNTU2LCJleHAiOjE3NDU3Mzc5NTYsInVzZXJJZCI6IjYyIn0.zujT-ng_Lem5ml_VBJiy51d3uAMGWt31tNyhdBTzipc,62
15:13:09.947 [http-nio-8080-exec-51] INFO  c.h.w.a.UserLoginInterceptor - [preHandle,40] - accessToken:eyJ0eXAiOiJKV1QiLCJhbGciOiJIUzI1NiJ9.eyJzdWIiOiJ1c2VyIiwiaWF0IjoxNzQ1NjUxNTU2LCJleHAiOjE3NDU3Mzc5NTYsInVzZXJJZCI6IjYyIn0.zujT-ng_Lem5ml_VBJiy51d3uAMGWt31tNyhdBTzipc,62
15:13:09.956 [http-nio-8080-exec-52] INFO  c.h.w.a.UserLoginInterceptor - [preHandle,40] - accessToken:eyJ0eXAiOiJKV1QiLCJhbGciOiJIUzI1NiJ9.eyJzdWIiOiJ1c2VyIiwiaWF0IjoxNzQ1NjUxNTU2LCJleHAiOjE3NDU3Mzc5NTYsInVzZXJJZCI6IjYyIn0.zujT-ng_Lem5ml_VBJiy51d3uAMGWt31tNyhdBTzipc,62
15:13:09.964 [http-nio-8080-exec-53] INFO  c.h.w.a.UserLoginInterceptor - [preHandle,40] - accessToken:eyJ0eXAiOiJKV1QiLCJhbGciOiJIUzI1NiJ9.eyJzdWIiOiJ1c2VyIiwiaWF0IjoxNzQ1NjUxNTU2LCJleHAiOjE3NDU3Mzc5NTYsInVzZXJJZCI6IjYyIn0.zujT-ng_Lem5ml_VBJiy51d3uAMGWt31tNyhdBTzipc,62
15:13:43.111 [http-nio-8080-exec-54] INFO  c.h.w.a.UserLoginInterceptor - [preHandle,40] - accessToken:eyJ0eXAiOiJKV1QiLCJhbGciOiJIUzI1NiJ9.eyJzdWIiOiJ1c2VyIiwiaWF0IjoxNzQ1NjUxNTU2LCJleHAiOjE3NDU3Mzc5NTYsInVzZXJJZCI6IjYyIn0.zujT-ng_Lem5ml_VBJiy51d3uAMGWt31tNyhdBTzipc,62
15:13:48.415 [http-nio-8080-exec-55] INFO  c.h.w.a.UserLoginInterceptor - [preHandle,40] - accessToken:eyJ0eXAiOiJKV1QiLCJhbGciOiJIUzI1NiJ9.eyJzdWIiOiJ1c2VyIiwiaWF0IjoxNzQ1NjUxNTU2LCJleHAiOjE3NDU3Mzc5NTYsInVzZXJJZCI6IjYyIn0.zujT-ng_Lem5ml_VBJiy51d3uAMGWt31tNyhdBTzipc,62
15:13:55.467 [http-nio-8080-exec-56] INFO  c.h.w.w.WebSocketServer - [onOpen,70] - 62加入webSocket！当前人数为=10
15:13:55.469 [http-nio-8080-exec-57] INFO  c.h.w.a.UserLoginInterceptor - [preHandle,40] - accessToken:eyJ0eXAiOiJKV1QiLCJhbGciOiJIUzI1NiJ9.eyJzdWIiOiJ1c2VyIiwiaWF0IjoxNzQ1NjUxNTU2LCJleHAiOjE3NDU3Mzc5NTYsInVzZXJJZCI6IjYyIn0.zujT-ng_Lem5ml_VBJiy51d3uAMGWt31tNyhdBTzipc,62
15:13:55.469 [http-nio-8080-exec-58] INFO  c.h.w.a.UserLoginInterceptor - [preHandle,40] - accessToken:eyJ0eXAiOiJKV1QiLCJhbGciOiJIUzI1NiJ9.eyJzdWIiOiJ1c2VyIiwiaWF0IjoxNzQ1NjUxNTU2LCJleHAiOjE3NDU3Mzc5NTYsInVzZXJJZCI6IjYyIn0.zujT-ng_Lem5ml_VBJiy51d3uAMGWt31tNyhdBTzipc,62
15:13:55.492 [http-nio-8080-exec-59] INFO  c.h.w.a.UserLoginInterceptor - [preHandle,40] - accessToken:eyJ0eXAiOiJKV1QiLCJhbGciOiJIUzI1NiJ9.eyJzdWIiOiJ1c2VyIiwiaWF0IjoxNzQ1NjUxNTU2LCJleHAiOjE3NDU3Mzc5NTYsInVzZXJJZCI6IjYyIn0.zujT-ng_Lem5ml_VBJiy51d3uAMGWt31tNyhdBTzipc,62
15:13:56.009 [http-nio-8080-exec-60] INFO  c.h.w.w.WebSocketServer - [onOpen,70] - 62加入webSocket！当前人数为=11
15:13:56.024 [http-nio-8080-exec-62] INFO  c.h.w.a.UserLoginInterceptor - [preHandle,40] - accessToken:eyJ0eXAiOiJKV1QiLCJhbGciOiJIUzI1NiJ9.eyJzdWIiOiJ1c2VyIiwiaWF0IjoxNzQ1NjUxNTU2LCJleHAiOjE3NDU3Mzc5NTYsInVzZXJJZCI6IjYyIn0.zujT-ng_Lem5ml_VBJiy51d3uAMGWt31tNyhdBTzipc,62
15:13:56.025 [http-nio-8080-exec-63] INFO  c.h.w.a.UserLoginInterceptor - [preHandle,40] - accessToken:eyJ0eXAiOiJKV1QiLCJhbGciOiJIUzI1NiJ9.eyJzdWIiOiJ1c2VyIiwiaWF0IjoxNzQ1NjUxNTU2LCJleHAiOjE3NDU3Mzc5NTYsInVzZXJJZCI6IjYyIn0.zujT-ng_Lem5ml_VBJiy51d3uAMGWt31tNyhdBTzipc,62
15:13:56.024 [http-nio-8080-exec-61] INFO  c.h.w.a.UserLoginInterceptor - [preHandle,40] - accessToken:eyJ0eXAiOiJKV1QiLCJhbGciOiJIUzI1NiJ9.eyJzdWIiOiJ1c2VyIiwiaWF0IjoxNzQ1NjUxNTU2LCJleHAiOjE3NDU3Mzc5NTYsInVzZXJJZCI6IjYyIn0.zujT-ng_Lem5ml_VBJiy51d3uAMGWt31tNyhdBTzipc,62
15:13:56.025 [http-nio-8080-exec-64] INFO  c.h.w.a.UserLoginInterceptor - [preHandle,40] - accessToken:eyJ0eXAiOiJKV1QiLCJhbGciOiJIUzI1NiJ9.eyJzdWIiOiJ1c2VyIiwiaWF0IjoxNzQ1NjUxNTU2LCJleHAiOjE3NDU3Mzc5NTYsInVzZXJJZCI6IjYyIn0.zujT-ng_Lem5ml_VBJiy51d3uAMGWt31tNyhdBTzipc,62
15:13:56.054 [http-nio-8080-exec-65] INFO  c.h.w.a.UserLoginInterceptor - [preHandle,40] - accessToken:eyJ0eXAiOiJKV1QiLCJhbGciOiJIUzI1NiJ9.eyJzdWIiOiJ1c2VyIiwiaWF0IjoxNzQ1NjUxNTU2LCJleHAiOjE3NDU3Mzc5NTYsInVzZXJJZCI6IjYyIn0.zujT-ng_Lem5ml_VBJiy51d3uAMGWt31tNyhdBTzipc,62
15:13:56.714 [http-nio-8080-exec-66] INFO  c.h.w.w.WebSocketServer - [onOpen,70] - 62加入webSocket！当前人数为=12
15:13:56.720 [http-nio-8080-exec-68] INFO  c.h.w.a.UserLoginInterceptor - [preHandle,40] - accessToken:eyJ0eXAiOiJKV1QiLCJhbGciOiJIUzI1NiJ9.eyJzdWIiOiJ1c2VyIiwiaWF0IjoxNzQ1NjUxNTU2LCJleHAiOjE3NDU3Mzc5NTYsInVzZXJJZCI6IjYyIn0.zujT-ng_Lem5ml_VBJiy51d3uAMGWt31tNyhdBTzipc,62
15:13:56.720 [http-nio-8080-exec-67] INFO  c.h.w.a.UserLoginInterceptor - [preHandle,40] - accessToken:eyJ0eXAiOiJKV1QiLCJhbGciOiJIUzI1NiJ9.eyJzdWIiOiJ1c2VyIiwiaWF0IjoxNzQ1NjUxNTU2LCJleHAiOjE3NDU3Mzc5NTYsInVzZXJJZCI6IjYyIn0.zujT-ng_Lem5ml_VBJiy51d3uAMGWt31tNyhdBTzipc,62
15:13:56.736 [http-nio-8080-exec-69] INFO  c.h.w.a.UserLoginInterceptor - [preHandle,40] - accessToken:eyJ0eXAiOiJKV1QiLCJhbGciOiJIUzI1NiJ9.eyJzdWIiOiJ1c2VyIiwiaWF0IjoxNzQ1NjUxNTU2LCJleHAiOjE3NDU3Mzc5NTYsInVzZXJJZCI6IjYyIn0.zujT-ng_Lem5ml_VBJiy51d3uAMGWt31tNyhdBTzipc,62
15:13:57.781 [http-nio-8080-exec-70] INFO  c.h.w.a.UserLoginInterceptor - [preHandle,40] - accessToken:eyJ0eXAiOiJKV1QiLCJhbGciOiJIUzI1NiJ9.eyJzdWIiOiJ1c2VyIiwiaWF0IjoxNzQ1NjUxNTU2LCJleHAiOjE3NDU3Mzc5NTYsInVzZXJJZCI6IjYyIn0.zujT-ng_Lem5ml_VBJiy51d3uAMGWt31tNyhdBTzipc,62
15:13:57.816 [http-nio-8080-exec-71] INFO  c.h.w.a.UserLoginInterceptor - [preHandle,40] - accessToken:eyJ0eXAiOiJKV1QiLCJhbGciOiJIUzI1NiJ9.eyJzdWIiOiJ1c2VyIiwiaWF0IjoxNzQ1NjUxNTU2LCJleHAiOjE3NDU3Mzc5NTYsInVzZXJJZCI6IjYyIn0.zujT-ng_Lem5ml_VBJiy51d3uAMGWt31tNyhdBTzipc,62
15:13:58.340 [http-nio-8080-exec-72] INFO  c.h.w.a.UserLoginInterceptor - [preHandle,40] - accessToken:eyJ0eXAiOiJKV1QiLCJhbGciOiJIUzI1NiJ9.eyJzdWIiOiJ1c2VyIiwiaWF0IjoxNzQ1NjUxNTU2LCJleHAiOjE3NDU3Mzc5NTYsInVzZXJJZCI6IjYyIn0.zujT-ng_Lem5ml_VBJiy51d3uAMGWt31tNyhdBTzipc,62
15:13:58.357 [http-nio-8080-exec-73] INFO  c.h.w.a.UserLoginInterceptor - [preHandle,40] - accessToken:eyJ0eXAiOiJKV1QiLCJhbGciOiJIUzI1NiJ9.eyJzdWIiOiJ1c2VyIiwiaWF0IjoxNzQ1NjUxNTU2LCJleHAiOjE3NDU3Mzc5NTYsInVzZXJJZCI6IjYyIn0.zujT-ng_Lem5ml_VBJiy51d3uAMGWt31tNyhdBTzipc,62
15:13:58.874 [http-nio-8080-exec-74] INFO  c.h.w.a.UserLoginInterceptor - [preHandle,40] - accessToken:eyJ0eXAiOiJKV1QiLCJhbGciOiJIUzI1NiJ9.eyJzdWIiOiJ1c2VyIiwiaWF0IjoxNzQ1NjUxNTU2LCJleHAiOjE3NDU3Mzc5NTYsInVzZXJJZCI6IjYyIn0.zujT-ng_Lem5ml_VBJiy51d3uAMGWt31tNyhdBTzipc,62
15:13:58.893 [http-nio-8080-exec-75] INFO  c.h.w.a.UserLoginInterceptor - [preHandle,40] - accessToken:eyJ0eXAiOiJKV1QiLCJhbGciOiJIUzI1NiJ9.eyJzdWIiOiJ1c2VyIiwiaWF0IjoxNzQ1NjUxNTU2LCJleHAiOjE3NDU3Mzc5NTYsInVzZXJJZCI6IjYyIn0.zujT-ng_Lem5ml_VBJiy51d3uAMGWt31tNyhdBTzipc,62
15:13:59.382 [http-nio-8080-exec-76] INFO  c.h.w.a.UserLoginInterceptor - [preHandle,40] - accessToken:eyJ0eXAiOiJKV1QiLCJhbGciOiJIUzI1NiJ9.eyJzdWIiOiJ1c2VyIiwiaWF0IjoxNzQ1NjUxNTU2LCJleHAiOjE3NDU3Mzc5NTYsInVzZXJJZCI6IjYyIn0.zujT-ng_Lem5ml_VBJiy51d3uAMGWt31tNyhdBTzipc,62
15:13:59.398 [http-nio-8080-exec-77] INFO  c.h.w.a.UserLoginInterceptor - [preHandle,40] - accessToken:eyJ0eXAiOiJKV1QiLCJhbGciOiJIUzI1NiJ9.eyJzdWIiOiJ1c2VyIiwiaWF0IjoxNzQ1NjUxNTU2LCJleHAiOjE3NDU3Mzc5NTYsInVzZXJJZCI6IjYyIn0.zujT-ng_Lem5ml_VBJiy51d3uAMGWt31tNyhdBTzipc,62
15:14:05.423 [http-nio-8080-exec-78] INFO  c.h.w.w.WebSocketServer - [onOpen,70] - 62加入webSocket！当前人数为=13
15:14:05.427 [http-nio-8080-exec-79] INFO  c.h.w.a.UserLoginInterceptor - [preHandle,40] - accessToken:eyJ0eXAiOiJKV1QiLCJhbGciOiJIUzI1NiJ9.eyJzdWIiOiJ1c2VyIiwiaWF0IjoxNzQ1NjUxNTU2LCJleHAiOjE3NDU3Mzc5NTYsInVzZXJJZCI6IjYyIn0.zujT-ng_Lem5ml_VBJiy51d3uAMGWt31tNyhdBTzipc,62
15:14:05.427 [http-nio-8080-exec-81] INFO  c.h.w.a.UserLoginInterceptor - [preHandle,40] - accessToken:eyJ0eXAiOiJKV1QiLCJhbGciOiJIUzI1NiJ9.eyJzdWIiOiJ1c2VyIiwiaWF0IjoxNzQ1NjUxNTU2LCJleHAiOjE3NDU3Mzc5NTYsInVzZXJJZCI6IjYyIn0.zujT-ng_Lem5ml_VBJiy51d3uAMGWt31tNyhdBTzipc,62
15:14:05.427 [http-nio-8080-exec-80] INFO  c.h.w.a.UserLoginInterceptor - [preHandle,40] - accessToken:eyJ0eXAiOiJKV1QiLCJhbGciOiJIUzI1NiJ9.eyJzdWIiOiJ1c2VyIiwiaWF0IjoxNzQ1NjUxNTU2LCJleHAiOjE3NDU3Mzc5NTYsInVzZXJJZCI6IjYyIn0.zujT-ng_Lem5ml_VBJiy51d3uAMGWt31tNyhdBTzipc,62
15:14:05.465 [http-nio-8080-exec-82] INFO  c.h.w.a.UserLoginInterceptor - [preHandle,40] - accessToken:eyJ0eXAiOiJKV1QiLCJhbGciOiJIUzI1NiJ9.eyJzdWIiOiJ1c2VyIiwiaWF0IjoxNzQ1NjUxNTU2LCJleHAiOjE3NDU3Mzc5NTYsInVzZXJJZCI6IjYyIn0.zujT-ng_Lem5ml_VBJiy51d3uAMGWt31tNyhdBTzipc,62
15:14:06.161 [http-nio-8080-exec-83] INFO  c.h.w.w.WebSocketServer - [onOpen,70] - 62加入webSocket！当前人数为=14
15:14:06.172 [http-nio-8080-exec-84] INFO  c.h.w.a.UserLoginInterceptor - [preHandle,40] - accessToken:eyJ0eXAiOiJKV1QiLCJhbGciOiJIUzI1NiJ9.eyJzdWIiOiJ1c2VyIiwiaWF0IjoxNzQ1NjUxNTU2LCJleHAiOjE3NDU3Mzc5NTYsInVzZXJJZCI6IjYyIn0.zujT-ng_Lem5ml_VBJiy51d3uAMGWt31tNyhdBTzipc,62
15:14:06.172 [http-nio-8080-exec-86] INFO  c.h.w.a.UserLoginInterceptor - [preHandle,40] - accessToken:eyJ0eXAiOiJKV1QiLCJhbGciOiJIUzI1NiJ9.eyJzdWIiOiJ1c2VyIiwiaWF0IjoxNzQ1NjUxNTU2LCJleHAiOjE3NDU3Mzc5NTYsInVzZXJJZCI6IjYyIn0.zujT-ng_Lem5ml_VBJiy51d3uAMGWt31tNyhdBTzipc,62
15:14:06.172 [http-nio-8080-exec-85] INFO  c.h.w.a.UserLoginInterceptor - [preHandle,40] - accessToken:eyJ0eXAiOiJKV1QiLCJhbGciOiJIUzI1NiJ9.eyJzdWIiOiJ1c2VyIiwiaWF0IjoxNzQ1NjUxNTU2LCJleHAiOjE3NDU3Mzc5NTYsInVzZXJJZCI6IjYyIn0.zujT-ng_Lem5ml_VBJiy51d3uAMGWt31tNyhdBTzipc,62
15:14:06.172 [http-nio-8080-exec-87] INFO  c.h.w.a.UserLoginInterceptor - [preHandle,40] - accessToken:eyJ0eXAiOiJKV1QiLCJhbGciOiJIUzI1NiJ9.eyJzdWIiOiJ1c2VyIiwiaWF0IjoxNzQ1NjUxNTU2LCJleHAiOjE3NDU3Mzc5NTYsInVzZXJJZCI6IjYyIn0.zujT-ng_Lem5ml_VBJiy51d3uAMGWt31tNyhdBTzipc,62
15:14:06.179 [http-nio-8080-exec-88] INFO  c.h.w.a.UserLoginInterceptor - [preHandle,40] - accessToken:eyJ0eXAiOiJKV1QiLCJhbGciOiJIUzI1NiJ9.eyJzdWIiOiJ1c2VyIiwiaWF0IjoxNzQ1NjUxNTU2LCJleHAiOjE3NDU3Mzc5NTYsInVzZXJJZCI6IjYyIn0.zujT-ng_Lem5ml_VBJiy51d3uAMGWt31tNyhdBTzipc,62
15:14:06.193 [http-nio-8080-exec-89] INFO  c.h.w.a.UserLoginInterceptor - [preHandle,40] - accessToken:eyJ0eXAiOiJKV1QiLCJhbGciOiJIUzI1NiJ9.eyJzdWIiOiJ1c2VyIiwiaWF0IjoxNzQ1NjUxNTU2LCJleHAiOjE3NDU3Mzc5NTYsInVzZXJJZCI6IjYyIn0.zujT-ng_Lem5ml_VBJiy51d3uAMGWt31tNyhdBTzipc,62
15:14:07.989 [http-nio-8080-exec-90] INFO  c.h.w.a.UserLoginInterceptor - [preHandle,40] - accessToken:eyJ0eXAiOiJKV1QiLCJhbGciOiJIUzI1NiJ9.eyJzdWIiOiJ1c2VyIiwiaWF0IjoxNzQ1NjUxNTU2LCJleHAiOjE3NDU3Mzc5NTYsInVzZXJJZCI6IjYyIn0.zujT-ng_Lem5ml_VBJiy51d3uAMGWt31tNyhdBTzipc,62
15:14:08.189 [http-nio-8080-exec-91] INFO  c.h.w.a.UserLoginInterceptor - [preHandle,40] - accessToken:eyJ0eXAiOiJKV1QiLCJhbGciOiJIUzI1NiJ9.eyJzdWIiOiJ1c2VyIiwiaWF0IjoxNzQ1NjUxNTU2LCJleHAiOjE3NDU3Mzc5NTYsInVzZXJJZCI6IjYyIn0.zujT-ng_Lem5ml_VBJiy51d3uAMGWt31tNyhdBTzipc,62
15:14:10.455 [http-nio-8080-exec-93] INFO  c.h.w.w.WebSocketServer - [onClose,78] - 62断开webSocket连接！当前人数为=11
15:14:10.456 [http-nio-8080-exec-96] INFO  c.h.w.w.WebSocketServer - [onClose,78] - 62断开webSocket连接！当前人数为=8
15:14:10.456 [http-nio-8080-exec-95] INFO  c.h.w.w.WebSocketServer - [onClose,78] - 62断开webSocket连接！当前人数为=7
15:14:10.455 [http-nio-8080-exec-94] INFO  c.h.w.w.WebSocketServer - [onClose,78] - 62断开webSocket连接！当前人数为=13
15:14:10.458 [http-nio-8080-exec-98] INFO  c.h.w.w.WebSocketServer - [onClose,78] - 62断开webSocket连接！当前人数为=6
15:14:10.459 [http-nio-8080-exec-97] INFO  c.h.w.w.WebSocketServer - [onClose,78] - 62断开webSocket连接！当前人数为=5
15:14:10.455 [http-nio-8080-exec-3] INFO  c.h.w.w.WebSocketServer - [onClose,78] - 62断开webSocket连接！当前人数为=12
15:14:10.456 [http-nio-8080-exec-99] INFO  c.h.w.w.WebSocketServer - [onClose,78] - 62断开webSocket连接！当前人数为=9
15:14:10.455 [http-nio-8080-exec-4] INFO  c.h.w.w.WebSocketServer - [onClose,78] - 62断开webSocket连接！当前人数为=10
15:14:10.461 [http-nio-8080-exec-100] INFO  c.h.w.w.WebSocketServer - [onClose,78] - 62断开webSocket连接！当前人数为=4
15:14:10.462 [http-nio-8080-exec-5] INFO  c.h.w.w.WebSocketServer - [onClose,78] - 62断开webSocket连接！当前人数为=3
15:14:10.462 [http-nio-8080-exec-2] INFO  c.h.w.w.WebSocketServer - [onClose,78] - 62断开webSocket连接！当前人数为=2
15:14:10.463 [http-nio-8080-exec-92] INFO  c.h.w.w.WebSocketServer - [onClose,78] - 62断开webSocket连接！当前人数为=1
15:14:10.464 [http-nio-8080-exec-1] INFO  c.h.w.w.WebSocketServer - [onClose,78] - 62断开webSocket连接！当前人数为=0
15:14:10.538 [http-nio-8080-exec-8] INFO  c.h.w.w.WebSocketServer - [onOpen,70] - 62加入webSocket！当前人数为=1
15:14:10.554 [http-nio-8080-exec-7] INFO  c.h.w.a.UserLoginInterceptor - [preHandle,40] - accessToken:eyJ0eXAiOiJKV1QiLCJhbGciOiJIUzI1NiJ9.eyJzdWIiOiJ1c2VyIiwiaWF0IjoxNzQ1NjUxNTU2LCJleHAiOjE3NDU3Mzc5NTYsInVzZXJJZCI6IjYyIn0.zujT-ng_Lem5ml_VBJiy51d3uAMGWt31tNyhdBTzipc,62
15:14:10.555 [http-nio-8080-exec-6] INFO  c.h.w.a.UserLoginInterceptor - [preHandle,40] - accessToken:eyJ0eXAiOiJKV1QiLCJhbGciOiJIUzI1NiJ9.eyJzdWIiOiJ1c2VyIiwiaWF0IjoxNzQ1NjUxNTU2LCJleHAiOjE3NDU3Mzc5NTYsInVzZXJJZCI6IjYyIn0.zujT-ng_Lem5ml_VBJiy51d3uAMGWt31tNyhdBTzipc,62
15:14:10.554 [http-nio-8080-exec-10] INFO  c.h.w.a.UserLoginInterceptor - [preHandle,40] - accessToken:eyJ0eXAiOiJKV1QiLCJhbGciOiJIUzI1NiJ9.eyJzdWIiOiJ1c2VyIiwiaWF0IjoxNzQ1NjUxNTU2LCJleHAiOjE3NDU3Mzc5NTYsInVzZXJJZCI6IjYyIn0.zujT-ng_Lem5ml_VBJiy51d3uAMGWt31tNyhdBTzipc,62
15:14:10.556 [http-nio-8080-exec-11] INFO  c.h.w.a.UserLoginInterceptor - [preHandle,40] - accessToken:eyJ0eXAiOiJKV1QiLCJhbGciOiJIUzI1NiJ9.eyJzdWIiOiJ1c2VyIiwiaWF0IjoxNzQ1NjUxNTU2LCJleHAiOjE3NDU3Mzc5NTYsInVzZXJJZCI6IjYyIn0.zujT-ng_Lem5ml_VBJiy51d3uAMGWt31tNyhdBTzipc,62
15:14:10.554 [http-nio-8080-exec-9] INFO  c.h.w.a.UserLoginInterceptor - [preHandle,40] - accessToken:eyJ0eXAiOiJKV1QiLCJhbGciOiJIUzI1NiJ9.eyJzdWIiOiJ1c2VyIiwiaWF0IjoxNzQ1NjUxNTU2LCJleHAiOjE3NDU3Mzc5NTYsInVzZXJJZCI6IjYyIn0.zujT-ng_Lem5ml_VBJiy51d3uAMGWt31tNyhdBTzipc,62
15:14:10.567 [http-nio-8080-exec-14] INFO  c.h.w.a.UserLoginInterceptor - [preHandle,40] - accessToken:eyJ0eXAiOiJKV1QiLCJhbGciOiJIUzI1NiJ9.eyJzdWIiOiJ1c2VyIiwiaWF0IjoxNzQ1NjUxNTU2LCJleHAiOjE3NDU3Mzc5NTYsInVzZXJJZCI6IjYyIn0.zujT-ng_Lem5ml_VBJiy51d3uAMGWt31tNyhdBTzipc,62
15:14:11.812 [http-nio-8080-exec-13] INFO  c.h.w.a.UserLoginInterceptor - [preHandle,40] - accessToken:eyJ0eXAiOiJKV1QiLCJhbGciOiJIUzI1NiJ9.eyJzdWIiOiJ1c2VyIiwiaWF0IjoxNzQ1NjUxNTU2LCJleHAiOjE3NDU3Mzc5NTYsInVzZXJJZCI6IjYyIn0.zujT-ng_Lem5ml_VBJiy51d3uAMGWt31tNyhdBTzipc,62
15:14:12.324 [http-nio-8080-exec-15] INFO  c.h.w.a.UserLoginInterceptor - [preHandle,40] - accessToken:eyJ0eXAiOiJKV1QiLCJhbGciOiJIUzI1NiJ9.eyJzdWIiOiJ1c2VyIiwiaWF0IjoxNzQ1NjUxNTU2LCJleHAiOjE3NDU3Mzc5NTYsInVzZXJJZCI6IjYyIn0.zujT-ng_Lem5ml_VBJiy51d3uAMGWt31tNyhdBTzipc,62
15:14:14.121 [http-nio-8080-exec-12] INFO  c.h.w.a.UserLoginInterceptor - [preHandle,40] - accessToken:eyJ0eXAiOiJKV1QiLCJhbGciOiJIUzI1NiJ9.eyJzdWIiOiJ1c2VyIiwiaWF0IjoxNzQ1NjUxNTU2LCJleHAiOjE3NDU3Mzc5NTYsInVzZXJJZCI6IjYyIn0.zujT-ng_Lem5ml_VBJiy51d3uAMGWt31tNyhdBTzipc,62
15:14:22.562 [http-nio-8080-exec-16] INFO  c.h.w.a.UserLoginInterceptor - [preHandle,40] - accessToken:eyJ0eXAiOiJKV1QiLCJhbGciOiJIUzI1NiJ9.eyJzdWIiOiJ1c2VyIiwiaWF0IjoxNzQ1NjUxNTU2LCJleHAiOjE3NDU3Mzc5NTYsInVzZXJJZCI6IjYyIn0.zujT-ng_Lem5ml_VBJiy51d3uAMGWt31tNyhdBTzipc,62
15:14:33.984 [http-nio-8080-exec-18] INFO  c.h.w.w.WebSocketServer - [onOpen,70] - 62加入webSocket！当前人数为=2
15:14:33.993 [http-nio-8080-exec-19] INFO  c.h.w.a.UserLoginInterceptor - [preHandle,40] - accessToken:eyJ0eXAiOiJKV1QiLCJhbGciOiJIUzI1NiJ9.eyJzdWIiOiJ1c2VyIiwiaWF0IjoxNzQ1NjUxNTU2LCJleHAiOjE3NDU3Mzc5NTYsInVzZXJJZCI6IjYyIn0.zujT-ng_Lem5ml_VBJiy51d3uAMGWt31tNyhdBTzipc,62
15:14:33.993 [http-nio-8080-exec-17] INFO  c.h.w.a.UserLoginInterceptor - [preHandle,40] - accessToken:eyJ0eXAiOiJKV1QiLCJhbGciOiJIUzI1NiJ9.eyJzdWIiOiJ1c2VyIiwiaWF0IjoxNzQ1NjUxNTU2LCJleHAiOjE3NDU3Mzc5NTYsInVzZXJJZCI6IjYyIn0.zujT-ng_Lem5ml_VBJiy51d3uAMGWt31tNyhdBTzipc,62
15:14:34.011 [http-nio-8080-exec-20] INFO  c.h.w.a.UserLoginInterceptor - [preHandle,40] - accessToken:eyJ0eXAiOiJKV1QiLCJhbGciOiJIUzI1NiJ9.eyJzdWIiOiJ1c2VyIiwiaWF0IjoxNzQ1NjUxNTU2LCJleHAiOjE3NDU3Mzc5NTYsInVzZXJJZCI6IjYyIn0.zujT-ng_Lem5ml_VBJiy51d3uAMGWt31tNyhdBTzipc,62
15:14:34.611 [http-nio-8080-exec-24] INFO  c.h.w.w.WebSocketServer - [onOpen,70] - 62加入webSocket！当前人数为=3
15:14:34.613 [http-nio-8080-exec-22] INFO  c.h.w.a.UserLoginInterceptor - [preHandle,40] - accessToken:eyJ0eXAiOiJKV1QiLCJhbGciOiJIUzI1NiJ9.eyJzdWIiOiJ1c2VyIiwiaWF0IjoxNzQ1NjUxNTU2LCJleHAiOjE3NDU3Mzc5NTYsInVzZXJJZCI6IjYyIn0.zujT-ng_Lem5ml_VBJiy51d3uAMGWt31tNyhdBTzipc,62
15:14:34.613 [http-nio-8080-exec-21] INFO  c.h.w.a.UserLoginInterceptor - [preHandle,40] - accessToken:eyJ0eXAiOiJKV1QiLCJhbGciOiJIUzI1NiJ9.eyJzdWIiOiJ1c2VyIiwiaWF0IjoxNzQ1NjUxNTU2LCJleHAiOjE3NDU3Mzc5NTYsInVzZXJJZCI6IjYyIn0.zujT-ng_Lem5ml_VBJiy51d3uAMGWt31tNyhdBTzipc,62
15:14:34.614 [http-nio-8080-exec-25] INFO  c.h.w.a.UserLoginInterceptor - [preHandle,40] - accessToken:eyJ0eXAiOiJKV1QiLCJhbGciOiJIUzI1NiJ9.eyJzdWIiOiJ1c2VyIiwiaWF0IjoxNzQ1NjUxNTU2LCJleHAiOjE3NDU3Mzc5NTYsInVzZXJJZCI6IjYyIn0.zujT-ng_Lem5ml_VBJiy51d3uAMGWt31tNyhdBTzipc,62
15:14:34.616 [http-nio-8080-exec-23] INFO  c.h.w.a.UserLoginInterceptor - [preHandle,40] - accessToken:eyJ0eXAiOiJKV1QiLCJhbGciOiJIUzI1NiJ9.eyJzdWIiOiJ1c2VyIiwiaWF0IjoxNzQ1NjUxNTU2LCJleHAiOjE3NDU3Mzc5NTYsInVzZXJJZCI6IjYyIn0.zujT-ng_Lem5ml_VBJiy51d3uAMGWt31tNyhdBTzipc,62
15:14:34.629 [http-nio-8080-exec-26] INFO  c.h.w.a.UserLoginInterceptor - [preHandle,40] - accessToken:eyJ0eXAiOiJKV1QiLCJhbGciOiJIUzI1NiJ9.eyJzdWIiOiJ1c2VyIiwiaWF0IjoxNzQ1NjUxNTU2LCJleHAiOjE3NDU3Mzc5NTYsInVzZXJJZCI6IjYyIn0.zujT-ng_Lem5ml_VBJiy51d3uAMGWt31tNyhdBTzipc,62
15:14:35.466 [http-nio-8080-exec-27] INFO  c.h.w.w.WebSocketServer - [onOpen,70] - 62加入webSocket！当前人数为=4
15:14:35.471 [http-nio-8080-exec-29] INFO  c.h.w.a.UserLoginInterceptor - [preHandle,40] - accessToken:eyJ0eXAiOiJKV1QiLCJhbGciOiJIUzI1NiJ9.eyJzdWIiOiJ1c2VyIiwiaWF0IjoxNzQ1NjUxNTU2LCJleHAiOjE3NDU3Mzc5NTYsInVzZXJJZCI6IjYyIn0.zujT-ng_Lem5ml_VBJiy51d3uAMGWt31tNyhdBTzipc,62
15:14:35.471 [http-nio-8080-exec-28] INFO  c.h.w.a.UserLoginInterceptor - [preHandle,40] - accessToken:eyJ0eXAiOiJKV1QiLCJhbGciOiJIUzI1NiJ9.eyJzdWIiOiJ1c2VyIiwiaWF0IjoxNzQ1NjUxNTU2LCJleHAiOjE3NDU3Mzc5NTYsInVzZXJJZCI6IjYyIn0.zujT-ng_Lem5ml_VBJiy51d3uAMGWt31tNyhdBTzipc,62
15:14:35.472 [http-nio-8080-exec-31] INFO  c.h.w.a.UserLoginInterceptor - [preHandle,40] - accessToken:eyJ0eXAiOiJKV1QiLCJhbGciOiJIUzI1NiJ9.eyJzdWIiOiJ1c2VyIiwiaWF0IjoxNzQ1NjUxNTU2LCJleHAiOjE3NDU3Mzc5NTYsInVzZXJJZCI6IjYyIn0.zujT-ng_Lem5ml_VBJiy51d3uAMGWt31tNyhdBTzipc,62
15:14:35.487 [http-nio-8080-exec-30] INFO  c.h.w.a.UserLoginInterceptor - [preHandle,40] - accessToken:eyJ0eXAiOiJKV1QiLCJhbGciOiJIUzI1NiJ9.eyJzdWIiOiJ1c2VyIiwiaWF0IjoxNzQ1NjUxNTU2LCJleHAiOjE3NDU3Mzc5NTYsInVzZXJJZCI6IjYyIn0.zujT-ng_Lem5ml_VBJiy51d3uAMGWt31tNyhdBTzipc,62
15:14:35.999 [http-nio-8080-exec-33] INFO  c.h.w.a.UserLoginInterceptor - [preHandle,40] - accessToken:eyJ0eXAiOiJKV1QiLCJhbGciOiJIUzI1NiJ9.eyJzdWIiOiJ1c2VyIiwiaWF0IjoxNzQ1NjUxNTU2LCJleHAiOjE3NDU3Mzc5NTYsInVzZXJJZCI6IjYyIn0.zujT-ng_Lem5ml_VBJiy51d3uAMGWt31tNyhdBTzipc,62
15:14:35.999 [http-nio-8080-exec-32] INFO  c.h.w.a.UserLoginInterceptor - [preHandle,40] - accessToken:eyJ0eXAiOiJKV1QiLCJhbGciOiJIUzI1NiJ9.eyJzdWIiOiJ1c2VyIiwiaWF0IjoxNzQ1NjUxNTU2LCJleHAiOjE3NDU3Mzc5NTYsInVzZXJJZCI6IjYyIn0.zujT-ng_Lem5ml_VBJiy51d3uAMGWt31tNyhdBTzipc,62
15:14:36.000 [http-nio-8080-exec-34] INFO  c.h.w.a.UserLoginInterceptor - [preHandle,40] - accessToken:eyJ0eXAiOiJKV1QiLCJhbGciOiJIUzI1NiJ9.eyJzdWIiOiJ1c2VyIiwiaWF0IjoxNzQ1NjUxNTU2LCJleHAiOjE3NDU3Mzc5NTYsInVzZXJJZCI6IjYyIn0.zujT-ng_Lem5ml_VBJiy51d3uAMGWt31tNyhdBTzipc,62
15:14:36.003 [http-nio-8080-exec-35] INFO  c.h.w.a.UserLoginInterceptor - [preHandle,40] - accessToken:eyJ0eXAiOiJKV1QiLCJhbGciOiJIUzI1NiJ9.eyJzdWIiOiJ1c2VyIiwiaWF0IjoxNzQ1NjUxNTU2LCJleHAiOjE3NDU3Mzc5NTYsInVzZXJJZCI6IjYyIn0.zujT-ng_Lem5ml_VBJiy51d3uAMGWt31tNyhdBTzipc,62
15:14:36.016 [http-nio-8080-exec-36] INFO  c.h.w.a.UserLoginInterceptor - [preHandle,40] - accessToken:eyJ0eXAiOiJKV1QiLCJhbGciOiJIUzI1NiJ9.eyJzdWIiOiJ1c2VyIiwiaWF0IjoxNzQ1NjUxNTU2LCJleHAiOjE3NDU3Mzc5NTYsInVzZXJJZCI6IjYyIn0.zujT-ng_Lem5ml_VBJiy51d3uAMGWt31tNyhdBTzipc,62
15:14:36.018 [http-nio-8080-exec-34] INFO  c.h.w.w.WebSocketServer - [onOpen,70] - 62加入webSocket！当前人数为=5
15:14:37.224 [http-nio-8080-exec-38] INFO  c.h.w.w.WebSocketServer - [onOpen,70] - 62加入webSocket！当前人数为=6
15:14:37.235 [http-nio-8080-exec-42] INFO  c.h.w.a.UserLoginInterceptor - [preHandle,40] - accessToken:eyJ0eXAiOiJKV1QiLCJhbGciOiJIUzI1NiJ9.eyJzdWIiOiJ1c2VyIiwiaWF0IjoxNzQ1NjUxNTU2LCJleHAiOjE3NDU3Mzc5NTYsInVzZXJJZCI6IjYyIn0.zujT-ng_Lem5ml_VBJiy51d3uAMGWt31tNyhdBTzipc,62
15:14:37.235 [http-nio-8080-exec-39] INFO  c.h.w.a.UserLoginInterceptor - [preHandle,40] - accessToken:eyJ0eXAiOiJKV1QiLCJhbGciOiJIUzI1NiJ9.eyJzdWIiOiJ1c2VyIiwiaWF0IjoxNzQ1NjUxNTU2LCJleHAiOjE3NDU3Mzc5NTYsInVzZXJJZCI6IjYyIn0.zujT-ng_Lem5ml_VBJiy51d3uAMGWt31tNyhdBTzipc,62
15:14:37.235 [http-nio-8080-exec-41] INFO  c.h.w.a.UserLoginInterceptor - [preHandle,40] - accessToken:eyJ0eXAiOiJKV1QiLCJhbGciOiJIUzI1NiJ9.eyJzdWIiOiJ1c2VyIiwiaWF0IjoxNzQ1NjUxNTU2LCJleHAiOjE3NDU3Mzc5NTYsInVzZXJJZCI6IjYyIn0.zujT-ng_Lem5ml_VBJiy51d3uAMGWt31tNyhdBTzipc,62
15:14:37.236 [http-nio-8080-exec-43] INFO  c.h.w.a.UserLoginInterceptor - [preHandle,40] - accessToken:eyJ0eXAiOiJKV1QiLCJhbGciOiJIUzI1NiJ9.eyJzdWIiOiJ1c2VyIiwiaWF0IjoxNzQ1NjUxNTU2LCJleHAiOjE3NDU3Mzc5NTYsInVzZXJJZCI6IjYyIn0.zujT-ng_Lem5ml_VBJiy51d3uAMGWt31tNyhdBTzipc,62
15:14:37.235 [http-nio-8080-exec-40] INFO  c.h.w.a.UserLoginInterceptor - [preHandle,40] - accessToken:eyJ0eXAiOiJKV1QiLCJhbGciOiJIUzI1NiJ9.eyJzdWIiOiJ1c2VyIiwiaWF0IjoxNzQ1NjUxNTU2LCJleHAiOjE3NDU3Mzc5NTYsInVzZXJJZCI6IjYyIn0.zujT-ng_Lem5ml_VBJiy51d3uAMGWt31tNyhdBTzipc,62
15:14:37.253 [http-nio-8080-exec-44] INFO  c.h.w.a.UserLoginInterceptor - [preHandle,40] - accessToken:eyJ0eXAiOiJKV1QiLCJhbGciOiJIUzI1NiJ9.eyJzdWIiOiJ1c2VyIiwiaWF0IjoxNzQ1NjUxNTU2LCJleHAiOjE3NDU3Mzc5NTYsInVzZXJJZCI6IjYyIn0.zujT-ng_Lem5ml_VBJiy51d3uAMGWt31tNyhdBTzipc,62
15:14:37.858 [http-nio-8080-exec-46] INFO  c.h.w.a.UserLoginInterceptor - [preHandle,40] - accessToken:eyJ0eXAiOiJKV1QiLCJhbGciOiJIUzI1NiJ9.eyJzdWIiOiJ1c2VyIiwiaWF0IjoxNzQ1NjUxNTU2LCJleHAiOjE3NDU3Mzc5NTYsInVzZXJJZCI6IjYyIn0.zujT-ng_Lem5ml_VBJiy51d3uAMGWt31tNyhdBTzipc,62
15:14:38.057 [http-nio-8080-exec-45] INFO  c.h.w.a.UserLoginInterceptor - [preHandle,40] - accessToken:eyJ0eXAiOiJKV1QiLCJhbGciOiJIUzI1NiJ9.eyJzdWIiOiJ1c2VyIiwiaWF0IjoxNzQ1NjUxNTU2LCJleHAiOjE3NDU3Mzc5NTYsInVzZXJJZCI6IjYyIn0.zujT-ng_Lem5ml_VBJiy51d3uAMGWt31tNyhdBTzipc,62
15:14:39.139 [http-nio-8080-exec-47] INFO  c.h.w.a.UserLoginInterceptor - [preHandle,40] - accessToken:eyJ0eXAiOiJKV1QiLCJhbGciOiJIUzI1NiJ9.eyJzdWIiOiJ1c2VyIiwiaWF0IjoxNzQ1NjUxNTU2LCJleHAiOjE3NDU3Mzc5NTYsInVzZXJJZCI6IjYyIn0.zujT-ng_Lem5ml_VBJiy51d3uAMGWt31tNyhdBTzipc,62
15:14:39.342 [http-nio-8080-exec-48] INFO  c.h.w.a.UserLoginInterceptor - [preHandle,40] - accessToken:eyJ0eXAiOiJKV1QiLCJhbGciOiJIUzI1NiJ9.eyJzdWIiOiJ1c2VyIiwiaWF0IjoxNzQ1NjUxNTU2LCJleHAiOjE3NDU3Mzc5NTYsInVzZXJJZCI6IjYyIn0.zujT-ng_Lem5ml_VBJiy51d3uAMGWt31tNyhdBTzipc,62
15:14:55.078 [http-nio-8080-exec-50] INFO  c.h.w.a.UserLoginInterceptor - [preHandle,40] - accessToken:eyJ0eXAiOiJKV1QiLCJhbGciOiJIUzI1NiJ9.eyJzdWIiOiJ1c2VyIiwiaWF0IjoxNzQ1NjUxNTU2LCJleHAiOjE3NDU3Mzc5NTYsInVzZXJJZCI6IjYyIn0.zujT-ng_Lem5ml_VBJiy51d3uAMGWt31tNyhdBTzipc,62
15:14:55.077 [http-nio-8080-exec-53] INFO  c.h.w.a.UserLoginInterceptor - [preHandle,40] - accessToken:eyJ0eXAiOiJKV1QiLCJhbGciOiJIUzI1NiJ9.eyJzdWIiOiJ1c2VyIiwiaWF0IjoxNzQ1NjUxNTU2LCJleHAiOjE3NDU3Mzc5NTYsInVzZXJJZCI6IjYyIn0.zujT-ng_Lem5ml_VBJiy51d3uAMGWt31tNyhdBTzipc,62
15:14:55.079 [http-nio-8080-exec-49] INFO  c.h.w.w.WebSocketServer - [onOpen,70] - 62加入webSocket！当前人数为=7
15:14:55.081 [http-nio-8080-exec-52] INFO  c.h.w.a.UserLoginInterceptor - [preHandle,40] - accessToken:eyJ0eXAiOiJKV1QiLCJhbGciOiJIUzI1NiJ9.eyJzdWIiOiJ1c2VyIiwiaWF0IjoxNzQ1NjUxNTU2LCJleHAiOjE3NDU3Mzc5NTYsInVzZXJJZCI6IjYyIn0.zujT-ng_Lem5ml_VBJiy51d3uAMGWt31tNyhdBTzipc,62
15:14:55.078 [http-nio-8080-exec-51] INFO  c.h.w.a.UserLoginInterceptor - [preHandle,40] - accessToken:eyJ0eXAiOiJKV1QiLCJhbGciOiJIUzI1NiJ9.eyJzdWIiOiJ1c2VyIiwiaWF0IjoxNzQ1NjUxNTU2LCJleHAiOjE3NDU3Mzc5NTYsInVzZXJJZCI6IjYyIn0.zujT-ng_Lem5ml_VBJiy51d3uAMGWt31tNyhdBTzipc,62
15:14:55.092 [http-nio-8080-exec-54] INFO  c.h.w.a.UserLoginInterceptor - [preHandle,40] - accessToken:eyJ0eXAiOiJKV1QiLCJhbGciOiJIUzI1NiJ9.eyJzdWIiOiJ1c2VyIiwiaWF0IjoxNzQ1NjUxNTU2LCJleHAiOjE3NDU3Mzc5NTYsInVzZXJJZCI6IjYyIn0.zujT-ng_Lem5ml_VBJiy51d3uAMGWt31tNyhdBTzipc,62
15:15:27.260 [http-nio-8080-exec-55] INFO  c.h.w.w.WebSocketServer - [onClose,78] - 62断开webSocket连接！当前人数为=3
15:15:27.267 [http-nio-8080-exec-62] INFO  c.h.w.w.WebSocketServer - [onClose,78] - 62断开webSocket连接！当前人数为=0
15:15:27.261 [http-nio-8080-exec-60] INFO  c.h.w.w.WebSocketServer - [onClose,78] - 62断开webSocket连接！当前人数为=2
15:15:27.261 [http-nio-8080-exec-57] INFO  c.h.w.w.WebSocketServer - [onClose,78] - 62断开webSocket连接！当前人数为=1
15:15:27.261 [http-nio-8080-exec-59] INFO  c.h.w.w.WebSocketServer - [onClose,78] - 62断开webSocket连接！当前人数为=1
15:15:27.260 [http-nio-8080-exec-58] INFO  c.h.w.w.WebSocketServer - [onClose,78] - 62断开webSocket连接！当前人数为=4
15:15:27.260 [http-nio-8080-exec-56] INFO  c.h.w.w.WebSocketServer - [onClose,78] - 62断开webSocket连接！当前人数为=4
15:15:27.780 [http-nio-8080-exec-64] INFO  c.h.w.w.WebSocketServer - [onOpen,70] - 62加入webSocket！当前人数为=1
15:15:27.858 [http-nio-8080-exec-61] INFO  c.h.w.a.UserLoginInterceptor - [preHandle,40] - accessToken:eyJ0eXAiOiJKV1QiLCJhbGciOiJIUzI1NiJ9.eyJzdWIiOiJ1c2VyIiwiaWF0IjoxNzQ1NjUxNTU2LCJleHAiOjE3NDU3Mzc5NTYsInVzZXJJZCI6IjYyIn0.zujT-ng_Lem5ml_VBJiy51d3uAMGWt31tNyhdBTzipc,62
15:15:27.870 [http-nio-8080-exec-65] INFO  c.h.w.a.UserLoginInterceptor - [preHandle,40] - accessToken:eyJ0eXAiOiJKV1QiLCJhbGciOiJIUzI1NiJ9.eyJzdWIiOiJ1c2VyIiwiaWF0IjoxNzQ1NjUxNTU2LCJleHAiOjE3NDU3Mzc5NTYsInVzZXJJZCI6IjYyIn0.zujT-ng_Lem5ml_VBJiy51d3uAMGWt31tNyhdBTzipc,62
15:15:27.878 [http-nio-8080-exec-63] INFO  c.h.w.a.UserLoginInterceptor - [preHandle,40] - accessToken:eyJ0eXAiOiJKV1QiLCJhbGciOiJIUzI1NiJ9.eyJzdWIiOiJ1c2VyIiwiaWF0IjoxNzQ1NjUxNTU2LCJleHAiOjE3NDU3Mzc5NTYsInVzZXJJZCI6IjYyIn0.zujT-ng_Lem5ml_VBJiy51d3uAMGWt31tNyhdBTzipc,62
15:15:27.882 [http-nio-8080-exec-66] INFO  c.h.w.a.UserLoginInterceptor - [preHandle,40] - accessToken:eyJ0eXAiOiJKV1QiLCJhbGciOiJIUzI1NiJ9.eyJzdWIiOiJ1c2VyIiwiaWF0IjoxNzQ1NjUxNTU2LCJleHAiOjE3NDU3Mzc5NTYsInVzZXJJZCI6IjYyIn0.zujT-ng_Lem5ml_VBJiy51d3uAMGWt31tNyhdBTzipc,62
15:15:27.955 [http-nio-8080-exec-68] INFO  c.h.w.a.UserLoginInterceptor - [preHandle,40] - accessToken:eyJ0eXAiOiJKV1QiLCJhbGciOiJIUzI1NiJ9.eyJzdWIiOiJ1c2VyIiwiaWF0IjoxNzQ1NjUxNTU2LCJleHAiOjE3NDU3Mzc5NTYsInVzZXJJZCI6IjYyIn0.zujT-ng_Lem5ml_VBJiy51d3uAMGWt31tNyhdBTzipc,62
15:36:04.387 [http-nio-8080-exec-67] INFO  c.h.w.w.WebSocketServer - [onClose,78] - 62断开webSocket连接！当前人数为=0
